c:\users\yey\source\repos\yeytotalproject\yeytotalproject\x64\debug\vc141.pdb
c:\users\yey\source\repos\yeytotalproject\yeytotalproject\x64\debug\vc141.idb
c:\users\yey\source\repos\yeytotalproject\yeytotalproject\x64\debug\yeytotalprojectdlg.obj
c:\users\yey\source\repos\yeytotalproject\yeytotalproject\x64\debug\yeytotalproject.obj
c:\users\yey\source\repos\yeytotalproject\yeytotalproject\x64\debug\ccalendardlg.obj
c:\users\yey\source\repos\yeytotalproject\yeytotalproject\x64\debug\yeytotalproject.pch
c:\users\yey\source\repos\yeytotalproject\yeytotalproject\x64\debug\pch.obj
c:\users\yey\source\repos\yeytotalproject\x64\debug\yeytotalproject.exe
c:\users\yey\source\repos\yeytotalproject\x64\debug\yeytotalproject.ilk
c:\users\yey\source\repos\yeytotalproject\x64\debug\yeytotalproject.pdb
c:\users\yey\source\repos\yeytotalproject\yeytotalproject\x64\debug\yeytotalproject.res
c:\users\yey\source\repos\yeytotalproject\yeytotalproject\x64\debug\yeytotalproject.tlog\cl.command.1.tlog
c:\users\yey\source\repos\yeytotalproject\yeytotalproject\x64\debug\yeytotalproject.tlog\cl.read.1.tlog
c:\users\yey\source\repos\yeytotalproject\yeytotalproject\x64\debug\yeytotalproject.tlog\cl.write.1.tlog
c:\users\yey\source\repos\yeytotalproject\yeytotalproject\x64\debug\yeytotalproject.tlog\link.command.1.tlog
c:\users\yey\source\repos\yeytotalproject\yeytotalproject\x64\debug\yeytotalproject.tlog\link.read.1.tlog
c:\users\yey\source\repos\yeytotalproject\yeytotalproject\x64\debug\yeytotalproject.tlog\link.write.1.tlog
c:\users\yey\source\repos\yeytotalproject\yeytotalproject\x64\debug\yeytotalproject.tlog\rc.command.1.tlog
c:\users\yey\source\repos\yeytotalproject\yeytotalproject\x64\debug\yeytotalproject.tlog\rc.read.1.tlog
c:\users\yey\source\repos\yeytotalproject\yeytotalproject\x64\debug\yeytotalproject.tlog\rc.write.1.tlog
